Copyright 1986-2022 Xilinx, Inc. All Rights Reserved. Copyright 2022-2025 Advanced Micro Devices, Inc. All Rights Reserved.
---------------------------------------------------------------------------------------------------------------------------------------------
| Tool Version : Vivado v.2025.2 (win64) Build 6299465 Fri Nov 14 19:35:11 GMT 2025
| Date         : Mon May  4 23:06:02 2026
| Host         : DESKTOP-RMFOJ7L running 64-bit major release  (build 9200)
| Command      : report_utilization -file top_reaction_ps2_demo_utilization_placed.rpt -pb top_reaction_ps2_demo_utilization_placed.pb
| Design       : top_reaction_ps2_demo
| Device       : xczu3eg-sfvc784-2-e
| Speed File   : -2
| Design State : Fully Placed
---------------------------------------------------------------------------------------------------------------------------------------------

Utilization Design Information

Table of Contents
-----------------
1. CLB Logic
1.1 Summary of Registers by Type
2. CLB Logic Distribution
3. BLOCKRAM
4. ARITHMETIC
5. I/O
6. CLOCK
7. ADVANCED
8. CONFIGURATION
9. Primitives
10. Black Boxes
11. Instantiated Netlists

1. CLB Logic
------------

+----------------------------+------+-------+------------+-----------+-------+
|          Site Type         | Used | Fixed | Prohibited | Available | Util% |
+----------------------------+------+-------+------------+-----------+-------+
| CLB LUTs                   | 4998 |     0 |          0 |     70560 |  7.08 |
|   LUT as Logic             | 4990 |     0 |          0 |     70560 |  7.07 |
|   LUT as Memory            |    8 |     0 |          0 |     28800 |  0.03 |
|     LUT as Distributed RAM |    8 |     0 |            |           |       |
|     LUT as Shift Register  |    0 |     0 |            |           |       |
| CLB Registers              |  543 |     0 |          0 |    141120 |  0.38 |
|   Register as Flip Flop    |  543 |     0 |          0 |    141120 |  0.38 |
|   Register as Latch        |    0 |     0 |          0 |    141120 |  0.00 |
| CARRY8                     |  432 |     0 |          0 |      8820 |  4.90 |
| F7 Muxes                   |   21 |     0 |          0 |     35280 |  0.06 |
| F8 Muxes                   |    0 |     0 |          0 |     17640 |  0.00 |
| F9 Muxes                   |    0 |     0 |          0 |      8820 |  0.00 |
| Unique Control Sets        |   43 |       |          0 |     17640 |  0.24 |
+----------------------------+------+-------+------------+-----------+-------+
* Warning! LUT value is adjusted to account for LUT combining.
** Note: Available Control Sets calculated as Slices * 2, Review the Control Sets Report for more information regarding control sets.


1.1 Summary of Registers by Type
--------------------------------

+-------+--------------+-------------+--------------+
| Total | Clock Enable | Synchronous | Asynchronous |
+-------+--------------+-------------+--------------+
| 0     |            _ |           - |            - |
| 0     |            _ |           - |          Set |
| 0     |            _ |           - |        Reset |
| 0     |            _ |         Set |            - |
| 0     |            _ |       Reset |            - |
| 0     |          Yes |           - |            - |
| 0     |          Yes |           - |          Set |
| 0     |          Yes |           - |        Reset |
| 26    |          Yes |         Set |            - |
| 519   |          Yes |       Reset |            - |
+-------+--------------+-------------+--------------+


2. CLB Logic Distribution
-------------------------

+--------------------------------------------+------+-------+------------+-----------+-------+
|                  Site Type                 | Used | Fixed | Prohibited | Available | Util% |
+--------------------------------------------+------+-------+------------+-----------+-------+
| CLB                                        |  815 |     0 |          0 |      8820 |  9.24 |
|   CLBL                                     |  424 |     0 |            |           |       |
|   CLBM                                     |  391 |     0 |            |           |       |
| LUT as Logic                               | 4990 |     0 |          0 |     70560 |  7.07 |
|   using O5 output only                     |   37 |       |            |           |       |
|   using O6 output only                     | 4319 |       |            |           |       |
|   using O5 and O6                          |  634 |       |            |           |       |
| LUT as Memory                              |    8 |     0 |          0 |     28800 |  0.03 |
|   LUT as Distributed RAM                   |    8 |     0 |            |           |       |
|     using O5 output only                   |    0 |       |            |           |       |
|     using O6 output only                   |    0 |       |            |           |       |
|     using O5 and O6                        |    8 |       |            |           |       |
|   LUT as Shift Register                    |    0 |     0 |            |           |       |
|     using O5 output only                   |    0 |       |            |           |       |
|     using O6 output only                   |    0 |       |            |           |       |
|     using O5 and O6                        |    0 |       |            |           |       |
| CLB Registers                              |  543 |     0 |          0 |    141120 |  0.38 |
|   Register driven from within the CLB      |  401 |       |            |           |       |
|   Register driven from outside the CLB     |  142 |       |            |           |       |
|     LUT in front of the register is unused |   84 |       |            |           |       |
|     LUT in front of the register is used   |   58 |       |            |           |       |
+--------------------------------------------+------+-------+------------+-----------+-------+


3. BLOCKRAM
-----------

+-------------------+------+-------+------------+-----------+-------+
|     Site Type     | Used | Fixed | Prohibited | Available | Util% |
+-------------------+------+-------+------------+-----------+-------+
| Block RAM Tile    |    1 |     0 |          0 |       216 |  0.46 |
|   RAMB36/FIFO*    |    0 |     0 |          0 |       216 |  0.00 |
|   RAMB18          |    2 |     0 |          0 |       432 |  0.46 |
|     RAMB18E2 only |    2 |       |            |           |       |
+-------------------+------+-------+------------+-----------+-------+
* Note: Each Block RAM Tile only has one FIFO logic available and therefore can accommodate only one FIFO36E2 or one FIFO18E2. However, if a FIFO18E2 occupies a Block RAM Tile, that tile can still accommodate a RAMB18E2


4. ARITHMETIC
-------------

+-----------+------+-------+------------+-----------+-------+
| Site Type | Used | Fixed | Prohibited | Available | Util% |
+-----------+------+-------+------------+-----------+-------+
| DSPs      |    0 |     0 |          0 |       360 |  0.00 |
+-----------+------+-------+------------+-----------+-------+


5. I/O
------

+------------------+------+-------+------------+-----------+-------+
|     Site Type    | Used | Fixed | Prohibited | Available | Util% |
+------------------+------+-------+------------+-----------+-------+
| Bonded IOB       |   20 |    20 |          0 |       252 |  7.94 |
|   HPIOB_M        |    5 |     5 |          0 |        72 |  6.94 |
|     INPUT        |    3 |       |            |           |       |
|     OUTPUT       |    2 |       |            |           |       |
|     BIDIR        |    0 |       |            |           |       |
|   HPIOB_S        |    3 |     3 |          0 |        72 |  4.17 |
|     INPUT        |    1 |       |            |           |       |
|     OUTPUT       |    2 |       |            |           |       |
|     BIDIR        |    0 |       |            |           |       |
|   HDIOB_M        |    6 |     6 |          0 |        48 | 12.50 |
|     INPUT        |    1 |       |            |           |       |
|     OUTPUT       |    4 |       |            |           |       |
|     BIDIR        |    1 |       |            |           |       |
|   HDIOB_S        |    6 |     6 |          0 |        48 | 12.50 |
|     INPUT        |    1 |       |            |           |       |
|     OUTPUT       |    4 |       |            |           |       |
|     BIDIR        |    1 |       |            |           |       |
|   HPIOB_SNGL     |    0 |     0 |          0 |        12 |  0.00 |
| HPIOBDIFFINBUF   |    1 |     1 |          0 |        72 |  1.39 |
|   DIFFINBUF      |    1 |     1 |            |           |       |
| HPIOBDIFFOUTBUF  |    0 |     0 |          0 |        72 |  0.00 |
| HDIOBDIFFINBUF   |    0 |     0 |          0 |        48 |  0.00 |
| BITSLICE_CONTROL |    0 |     0 |          0 |        24 |  0.00 |
| BITSLICE_RX_TX   |    0 |     0 |          0 |       936 |  0.00 |
| BITSLICE_TX      |    0 |     0 |          0 |        24 |  0.00 |
| RIU_OR           |    0 |     0 |          0 |        12 |  0.00 |
+------------------+------+-------+------------+-----------+-------+


6. CLOCK
--------

+------------+------+-------+------------+-----------+-------+
|  Site Type | Used | Fixed | Prohibited | Available | Util% |
+------------+------+-------+------------+-----------+-------+
| BUFGCE     |    3 |     0 |          0 |        88 |  3.41 |
| BUFGCE_DIV |    0 |     0 |          0 |        12 |  0.00 |
| BUFG_PS    |    0 |     0 |          0 |        72 |  0.00 |
| BUFGCTRL*  |    0 |     0 |          0 |        24 |  0.00 |
| PLL        |    0 |     0 |          0 |         6 |  0.00 |
| MMCM       |    1 |     0 |          0 |         3 | 33.33 |
+------------+------+-------+------------+-----------+-------+
* Note: Each used BUFGCTRL counts as two GLOBAL CLOCK BUFFERs. This table does not include global clocking resources, only buffer cell usage. See the Clock Utilization Report (report_clock_utilization) for detailed accounting of global clocking resource availability.


7. ADVANCED
-----------

+-----------+------+-------+------------+-----------+-------+
| Site Type | Used | Fixed | Prohibited | Available | Util% |
+-----------+------+-------+------------+-----------+-------+
| PS8       |    0 |     0 |          0 |         1 |  0.00 |
| SYSMONE4  |    0 |     0 |          0 |         1 |  0.00 |
+-----------+------+-------+------------+-----------+-------+


8. CONFIGURATION
----------------

+-------------+------+-------+------------+-----------+-------+
|  Site Type  | Used | Fixed | Prohibited | Available | Util% |
+-------------+------+-------+------------+-----------+-------+
| BSCANE2     |    0 |     0 |          0 |         4 |  0.00 |
| DNA_PORTE2  |    0 |     0 |          0 |         1 |  0.00 |
| EFUSE_USR   |    0 |     0 |          0 |         1 |  0.00 |
| FRAME_ECCE4 |    0 |     0 |          0 |         1 |  0.00 |
| ICAPE3      |    0 |     0 |          0 |         2 |  0.00 |
| MASTER_JTAG |    0 |     0 |          0 |         1 |  0.00 |
| STARTUPE3   |    0 |     0 |          0 |         1 |  0.00 |
+-------------+------+-------+------------+-----------+-------+


9. Primitives
-------------

+------------+------+---------------------+
|  Ref Name  | Used | Functional Category |
+------------+------+---------------------+
| LUT6       | 2522 |                 CLB |
| LUT3       |  988 |                 CLB |
| LUT5       |  904 |                 CLB |
| LUT4       |  678 |                 CLB |
| FDRE       |  519 |            Register |
| LUT2       |  496 |                 CLB |
| CARRY8     |  432 |                 CLB |
| LUT1       |   36 |                 CLB |
| FDSE       |   26 |            Register |
| MUXF7      |   21 |                 CLB |
| RAMD32     |   14 |                 CLB |
| OBUF       |   12 |                 I/O |
| OSERDESE3  |    8 |                 I/O |
| IBUFCTRL   |    7 |              Others |
| INBUF      |    6 |                 I/O |
| BUFGCE     |    3 |               Clock |
| RAMS32     |    2 |                 CLB |
| RAMB18E2   |    2 |            BLOCKRAM |
| OBUFT      |    2 |                 I/O |
| MMCME4_ADV |    1 |               Clock |
| DIFFINBUF  |    1 |                 I/O |
+------------+------+---------------------+


10. Black Boxes
---------------

+----------+------+
| Ref Name | Used |
+----------+------+


11. Instantiated Netlists
-------------------------

+--------------+------+
|   Ref Name   | Used |
+--------------+------+
| clk_wiz_hdmi |    1 |
+--------------+------+


