Copyright 1986-2022 Xilinx, Inc. All Rights Reserved. Copyright 2022-2025 Advanced Micro Devices, Inc. All Rights Reserved.
---------------------------------------------------------------------------------------------------------------------------------------------
| Tool Version : Vivado v.2025.2 (win64) Build 6299465 Fri Nov 14 19:35:11 GMT 2025
| Date         : Mon May  4 23:06:03 2026
| Host         : DESKTOP-RMFOJ7L running 64-bit major release  (build 9200)
| Command      : report_control_sets -verbose -file top_reaction_ps2_demo_control_sets_placed.rpt
| Design       : top_reaction_ps2_demo
| Device       : xczu3eg
---------------------------------------------------------------------------------------------------------------------------------------------

Control Set Information

Table of Contents
-----------------
1. Summary
2. Histogram
3. Flip-Flop Distribution
4. Detailed Control Set Information

1. Summary
----------

+----------------------------------------------------------+-------+
|                          Status                          | Count |
+----------------------------------------------------------+-------+
| Total control sets                                       |    43 |
|    Minimum number of control sets                        |    43 |
|    Addition due to synthesis replication                 |     0 |
|    Addition due to physical synthesis replication        |     0 |
| Unused register locations in slices containing registers |    49 |
+----------------------------------------------------------+-------+
* Control sets can be merged at opt_design using control_set_merge or merge_equivalent_drivers
** Run report_qor_suggestions for automated merging and remapping suggestions


2. Histogram
------------

+--------------------+-------+
|       Fanout       | Count |
+--------------------+-------+
| Total control sets |    43 |
| >= 0 to < 4        |     8 |
| >= 4 to < 6        |     7 |
| >= 6 to < 8        |     5 |
| >= 8 to < 10       |     3 |
| >= 10 to < 12      |     4 |
| >= 12 to < 14      |     1 |
| >= 14 to < 16      |     1 |
| >= 16              |    14 |
+--------------------+-------+
* Control sets can be remapped at either synth_design or opt_design


3. Flip-Flop Distribution
-------------------------

+--------------+-----------------------+------------------------+-----------------+--------------+
| Clock Enable | Synchronous Set/Reset | Asynchronous Set/Reset | Total Registers | Total Slices |
+--------------+-----------------------+------------------------+-----------------+--------------+
| No           | No                    | No                     |              51 |           20 |
| No           | No                    | Yes                    |               0 |            0 |
| No           | Yes                   | No                     |             101 |           40 |
| Yes          | No                    | No                     |              31 |           10 |
| Yes          | No                    | Yes                    |               0 |            0 |
| Yes          | Yes                   | No                     |             360 |           87 |
+--------------+-----------------------+------------------------+-----------------+--------------+


4. Detailed Control Set Information
-----------------------------------

+---------------------------+-----------------------------------------------------+--------------------------------------------------+------------------+----------------+--------------+
|        Clock Signal       |                    Enable Signal                    |                 Set/Reset Signal                 | Slice Load Count | Bel Load Count | Bels / Slice |
+---------------------------+-----------------------------------------------------+--------------------------------------------------+------------------+----------------+--------------+
|  clk_s_BUFG               | u_top/u_key/u_ps2/i_wrap/ByteRdy                    |                                                  |                1 |              1 |         1.00 |
|  clk_s_BUFG               | u_oled/wrap/i_Ctrl/cntMaskCol02_out                 | u_oled/wrap/i_Ctrl/cntMaskCol0                   |                3 |              3 |         1.00 |
|  u_clk_hdmi/inst/clk_out2 |                                                     | u_hdmi/i_wrap/cntMod5[2]_i_1__1_n_0              |                1 |              3 |         3.00 |
|  clk_s_BUFG               | u_top/u_core/u_fsm/FSM_sequential_state[2]_i_1_n_0  | rst_IBUF_inst/O                                  |                2 |              3 |         1.50 |
|  clk_s_BUFG               | u_top/u_core/u_fsm/FSM_sequential_state_reg[2]_8[0] | u_top/u_core/u_fsm/FSM_sequential_state_reg[2]_7 |                1 |              3 |         3.00 |
|  u_clk_hdmi/inst/clk_out2 |                                                     | u_hdmi/i_wrap/cntMod5[2]_i_1__0_n_0              |                1 |              3 |         3.00 |
|  u_clk_hdmi/inst/clk_out2 |                                                     | u_hdmi/i_wrap/cntMod5[2]_i_1_n_0                 |                1 |              3 |         3.00 |
|  u_clk_hdmi/inst/clk_out2 |                                                     | u_hdmi/i_wrap/cntMod5[2]_i_1__2_n_0              |                1 |              3 |         3.00 |
|  clk_s_BUFG               | u_top/u_key/u_ps2/i_wrap/PS_ClkHL                   | u_top/u_key/u_ps2/i_wrap/WDogRst                 |                1 |              4 |         4.00 |
|  clk_s_BUFG               | u_top/u_core/u_fsm/FSM_onehot_state_s_reg[0][0]     | rst_IBUF_inst/O                                  |                1 |              4 |         4.00 |
|  clk_s_BUFG               | u_oled/wrap/i_I2C/sclEnd                            | u_oled/wrap/i_I2C/cntBits                        |                1 |              4 |         4.00 |
|  clk_s_BUFG               | u_oled/wrap/i_I2C/i_FIFO/p_1_in                     |                                                  |                2 |              4 |         2.00 |
|  clk_s_BUFG               |                                                     | rst_IBUF_inst/O                                  |                4 |              5 |         1.25 |
|  clk_s_BUFG               |                                                     | u_top/u_key/u_ps2/i_wrap/PS_ClkHL                |                2 |              5 |         2.50 |
|  clk_s_BUFG               | u_oled/wrap/FSM_onehot_state[5]_i_1_n_0             |                                                  |                3 |              5 |         1.67 |
|  clk_s_BUFG               | u_oled/wrap/addrROM[5]_i_2_n_0                      | u_oled/wrap/addrROM[5]_i_1_n_0                   |                2 |              6 |         3.00 |
|  clk_s_BUFG               | u_oled/wrap/i_Ctrl/ASCII0                           |                                                  |                1 |              7 |         7.00 |
|  clk_s_BUFG               | u_top/u_core/u_fsm/E[0]                             | rst_IBUF_inst/O                                  |                1 |              7 |         7.00 |
|  clk_s_BUFG               | u_oled_ascii_fmt/ascii_reg_s[0]                     | rst_IBUF_inst/O                                  |                4 |              7 |         1.75 |
|  clk_s_BUFG               | u_oled/wrap/i_Ctrl/FSM_onehot_state_reg_n_0_[6]     | u_oled/wrap/i_Ctrl/Col_Start                     |                2 |              7 |         3.50 |
|  clk_s_BUFG               |                                                     | u_oled/wrap/Mask[7]_i_1_n_0                      |                7 |              8 |         1.14 |
|  clk_s_BUFG               | u_oled/wrap/i_Ctrl/Row                              | u_oled/wrap/i_Ctrl/Col_Start                     |                1 |              8 |         8.00 |
|  clk_s_BUFG               | u_oled/wrap/sregOut[7]_i_2_n_0                      | u_oled/wrap/i_I2C/RdNotWr0                       |                2 |              8 |         4.00 |
|  clk_s_BUFG               | u_oled/wrap/i_Ctrl/cnt20b0                          | u_oled/wrap/i_Ctrl/Col_Start                     |                2 |             10 |         5.00 |
|  clk_s_BUFG               | u_top/u_key/u_ps2/i_wrap/PS_ClkHL                   |                                                  |                2 |             10 |         5.00 |
|  u_clk_hdmi/inst/clk_out1 |                                                     | u_vtim/hcnt_s[10]_i_1_n_0                        |                3 |             11 |         3.67 |
|  u_clk_hdmi/inst/clk_out1 | u_vtim/vcnt_s[0]                                    | u_vtim/hdmi_rst_s                                |                3 |             11 |         3.67 |
|  u_clk_hdmi/inst/clk_out1 |                                                     | u_hdmi/i_wrap/Cnt[4]_i_1_n_0                     |               11 |             12 |         1.09 |
|  clk_s_BUFG               |                                                     | u_oled/wrap/i_I2C/cntSCL                         |                5 |             15 |         3.00 |
|  clk_s_BUFG               | u_top/u_core/u_fsm/key_pulse_s_reg[0]               | rst_IBUF_inst/O                                  |                3 |             16 |         5.33 |
|  clk_s_BUFG               | u_top/u_core/u_fsm/led_OBUF[1]                      | u_top/u_core/u_fsm/SR[0]                         |                2 |             17 |         8.50 |
|  clk_s_BUFG               | u_top/u_core/u_fsm/FSM_sequential_state_reg[0]_2[0] | rst_IBUF_inst/O                                  |                3 |             18 |         6.00 |
|  clk_s_BUFG               | u_oled/wrap/RAM_reg_0_15_0_7_i_1_n_0                |                                                  |                3 |             20 |         6.67 |
|  clk_s_BUFG               | u_oled/wrap/FSM_onehot_state[20]_i_1_n_0            | u_oled_ascii_fmt/clrscr_out                      |                5 |             21 |         4.20 |
|  clk_s_BUFG               |                                                     |                                                  |               10 |             24 |         2.40 |
|  u_clk_hdmi/inst/clk_out1 |                                                     |                                                  |               10 |             27 |         2.70 |
|  clk_s_BUFG               | u_top/u_core/u_fsm/ms_counter[0]                    | u_top/u_core/u_fsm/SR[0]                         |                4 |             32 |         8.00 |
|  clk_s_BUFG               | u_top/u_core/u_fsm/FSM_sequential_state_reg[1]_0[0] | u_top/u_core/u_fsm/FSM_sequential_state_reg[2]_7 |               15 |             32 |         2.13 |
|  clk_s_BUFG               | u_top/u_delay/active_s_reg_0                        | u_top/u_delay/counter_s[0]_i_1_n_0               |                4 |             32 |         8.00 |
|  u_clk_hdmi/inst/clk_out2 |                                                     | u_hdmi/i_wrap_i_1_n_0                            |                8 |             33 |         4.12 |
|  clk_s_BUFG               | u_top/u_core/u_fsm/avg_time_s[0]                    | u_top/u_core/u_fsm/FSM_sequential_state_reg[2]_7 |               12 |             34 |         2.83 |
|  clk_s_BUFG               | u_top/u_core/u_fsm/FSM_sequential_state_reg[0]_3    | u_top/u_core/u_fsm/FSM_sequential_state_reg[2]_7 |               12 |             36 |         3.00 |
|  clk_s_BUFG               | u_top/u_core/u_fsm/msg_sent_s[0]_0[0]               | rst_IBUF_inst/O                                  |                6 |             37 |         6.17 |
+---------------------------+-----------------------------------------------------+--------------------------------------------------+------------------+----------------+--------------+


